<?xml version="1.0" encoding="UTF-8"?>
<!-- Generated by org.testng.reporters.JUnitXMLReporter -->
<testsuite hostname="WKMUS0709334" name="Default test" tests="3" failures="0" timestamp="19 Aug 2020 20:50:39 GMT" time="37.618" errors="0">
  <testcase name="validateCreateNewContact" time="1.594" classname="com.crm.qa.testcases.ContactsPageTest"/>
  <testcase name="validateCreateNewContact" time="1.343" classname="com.crm.qa.testcases.ContactsPageTest"/>
  <testcase name="validateCreateNewContact" time="1.544" classname="com.crm.qa.testcases.ContactsPageTest"/>
</testsuite> <!-- Default test -->
