<?xml version="1.0" encoding="UTF-8"?>
<testng-results skipped="0" failed="0" total="12" passed="12">
  <reporter-output>
  </reporter-output>
  <suite name="Free CRM application test Automation suite" duration-ms="146710" started-at="2020-08-19T00:21:22Z" finished-at="2020-08-19T00:23:48Z">
    <groups>
    </groups>
    <test name="Free CRM application test cases" duration-ms="146710" started-at="2020-08-19T00:21:22Z" finished-at="2020-08-19T00:23:48Z">
      <class name="com.crm.qa.testcases.HomePageTest">
        <test-method status="PASS" signature="setUp()[pri:0, instance:com.crm.qa.testcases.HomePageTest@e25b2fe]" name="setUp" is-config="true" duration-ms="12127" started-at="2020-08-18T20:21:29Z" finished-at="2020-08-18T20:21:41Z">
          <reporter-output>
          </reporter-output>
        </test-method> <!-- setUp -->
        <test-method status="PASS" signature="verifyHomePageTitleTest()[pri:1, instance:com.crm.qa.testcases.HomePageTest@e25b2fe]" name="verifyHomePageTitleTest" duration-ms="6" started-at="2020-08-18T20:21:41Z" finished-at="2020-08-18T20:21:41Z">
          <reporter-output>
          </reporter-output>
        </test-method> <!-- verifyHomePageTitleTest -->
        <test-method status="PASS" signature="tearDown()[pri:0, instance:com.crm.qa.testcases.HomePageTest@e25b2fe]" name="tearDown" is-config="true" duration-ms="108" started-at="2020-08-18T20:21:41Z" finished-at="2020-08-18T20:21:41Z">
          <reporter-output>
          </reporter-output>
        </test-method> <!-- tearDown -->
        <test-method status="PASS" signature="setUp()[pri:0, instance:com.crm.qa.testcases.HomePageTest@e25b2fe]" name="setUp" is-config="true" duration-ms="15025" started-at="2020-08-18T20:22:03Z" finished-at="2020-08-18T20:22:18Z">
          <reporter-output>
          </reporter-output>
        </test-method> <!-- setUp -->
        <test-method status="PASS" signature="verifyUserNameTest()[pri:2, instance:com.crm.qa.testcases.HomePageTest@e25b2fe]" name="verifyUserNameTest" duration-ms="842" started-at="2020-08-18T20:22:18Z" finished-at="2020-08-18T20:22:19Z">
          <reporter-output>
          </reporter-output>
        </test-method> <!-- verifyUserNameTest -->
        <test-method status="PASS" signature="tearDown()[pri:0, instance:com.crm.qa.testcases.HomePageTest@e25b2fe]" name="tearDown" is-config="true" duration-ms="109" started-at="2020-08-18T20:22:19Z" finished-at="2020-08-18T20:22:19Z">
          <reporter-output>
          </reporter-output>
        </test-method> <!-- tearDown -->
        <test-method status="PASS" signature="setUp()[pri:0, instance:com.crm.qa.testcases.HomePageTest@e25b2fe]" name="setUp" is-config="true" duration-ms="13875" started-at="2020-08-18T20:22:42Z" finished-at="2020-08-18T20:22:56Z">
          <reporter-output>
          </reporter-output>
        </test-method> <!-- setUp -->
        <test-method status="PASS" signature="verifyContactsLinkTest()[pri:3, instance:com.crm.qa.testcases.HomePageTest@e25b2fe]" name="verifyContactsLinkTest" duration-ms="1099" started-at="2020-08-18T20:22:56Z" finished-at="2020-08-18T20:22:57Z">
          <reporter-output>
          </reporter-output>
        </test-method> <!-- verifyContactsLinkTest -->
        <test-method status="PASS" signature="tearDown()[pri:0, instance:com.crm.qa.testcases.HomePageTest@e25b2fe]" name="tearDown" is-config="true" duration-ms="110" started-at="2020-08-18T20:22:57Z" finished-at="2020-08-18T20:22:57Z">
          <reporter-output>
          </reporter-output>
        </test-method> <!-- tearDown -->
      </class> <!-- com.crm.qa.testcases.HomePageTest -->
      <class name="com.crm.qa.testcases.ContactsPageTest">
        <test-method status="PASS" signature="setUp()[pri:0, instance:com.crm.qa.testcases.ContactsPageTest@754ba872]" name="setUp" is-config="true" duration-ms="14926" started-at="2020-08-18T20:21:41Z" finished-at="2020-08-18T20:21:56Z">
          <reporter-output>
          </reporter-output>
        </test-method> <!-- setUp -->
        <test-method status="PASS" signature="verifyContactsPageLabel()[pri:1, instance:com.crm.qa.testcases.ContactsPageTest@754ba872]" name="verifyContactsPageLabel" duration-ms="62" started-at="2020-08-18T20:21:56Z" finished-at="2020-08-18T20:21:56Z">
          <reporter-output>
          </reporter-output>
        </test-method> <!-- verifyContactsPageLabel -->
        <test-method status="PASS" signature="tearDown()[pri:0, instance:com.crm.qa.testcases.ContactsPageTest@754ba872]" name="tearDown" is-config="true" duration-ms="118" started-at="2020-08-18T20:21:56Z" finished-at="2020-08-18T20:21:56Z">
          <reporter-output>
          </reporter-output>
        </test-method> <!-- tearDown -->
        <test-method status="PASS" signature="setUp()[pri:0, instance:com.crm.qa.testcases.ContactsPageTest@754ba872]" name="setUp" is-config="true" duration-ms="9447" started-at="2020-08-18T20:22:19Z" finished-at="2020-08-18T20:22:28Z">
          <reporter-output>
          </reporter-output>
        </test-method> <!-- setUp -->
        <test-method status="PASS" signature="selectContactsTest()[pri:2, instance:com.crm.qa.testcases.ContactsPageTest@754ba872]" name="selectContactsTest" duration-ms="595" started-at="2020-08-18T20:22:28Z" finished-at="2020-08-18T20:22:29Z">
          <reporter-output>
          </reporter-output>
        </test-method> <!-- selectContactsTest -->
        <test-method status="PASS" signature="tearDown()[pri:0, instance:com.crm.qa.testcases.ContactsPageTest@754ba872]" name="tearDown" is-config="true" duration-ms="117" started-at="2020-08-18T20:22:29Z" finished-at="2020-08-18T20:22:29Z">
          <reporter-output>
          </reporter-output>
        </test-method> <!-- tearDown -->
        <test-method status="PASS" signature="setUp()[pri:0, instance:com.crm.qa.testcases.ContactsPageTest@754ba872]" name="setUp" is-config="true" duration-ms="11543" started-at="2020-08-18T20:22:57Z" finished-at="2020-08-18T20:23:09Z">
          <reporter-output>
          </reporter-output>
        </test-method> <!-- setUp -->
        <test-method status="PASS" signature="selectMultipleContactsTest()[pri:3, instance:com.crm.qa.testcases.ContactsPageTest@754ba872]" name="selectMultipleContactsTest" duration-ms="570" started-at="2020-08-18T20:23:09Z" finished-at="2020-08-18T20:23:09Z">
          <reporter-output>
          </reporter-output>
        </test-method> <!-- selectMultipleContactsTest -->
        <test-method status="PASS" signature="tearDown()[pri:0, instance:com.crm.qa.testcases.ContactsPageTest@754ba872]" name="tearDown" is-config="true" duration-ms="120" started-at="2020-08-18T20:23:09Z" finished-at="2020-08-18T20:23:09Z">
          <reporter-output>
          </reporter-output>
        </test-method> <!-- tearDown -->
        <test-method status="PASS" signature="setUp()[pri:0, instance:com.crm.qa.testcases.ContactsPageTest@754ba872]" name="setUp" is-config="true" duration-ms="12446" started-at="2020-08-18T20:23:10Z" finished-at="2020-08-18T20:23:22Z">
          <reporter-output>
          </reporter-output>
        </test-method> <!-- setUp -->
        <test-method status="PASS" signature="validateCreateNewContact(java.lang.String, java.lang.String, java.lang.String)[pri:4, instance:com.crm.qa.testcases.ContactsPageTest@754ba872]" name="validateCreateNewContact" duration-ms="2033" started-at="2020-08-18T20:23:22Z" data-provider="getCRMTestData" finished-at="2020-08-18T20:23:24Z">
          <params>
            <param index="0">
              <value>
                <![CDATA[Tom]]>
              </value>
            </param>
            <param index="1">
              <value>
                <![CDATA[Peter]]>
              </value>
            </param>
            <param index="2">
              <value>
                <![CDATA[Google]]>
              </value>
            </param>
          </params>
          <reporter-output>
          </reporter-output>
        </test-method> <!-- validateCreateNewContact -->
        <test-method status="PASS" signature="tearDown()[pri:0, instance:com.crm.qa.testcases.ContactsPageTest@754ba872]" name="tearDown" is-config="true" duration-ms="116" started-at="2020-08-18T20:23:24Z" finished-at="2020-08-18T20:23:24Z">
          <reporter-output>
          </reporter-output>
        </test-method> <!-- tearDown -->
        <test-method status="PASS" signature="setUp()[pri:0, instance:com.crm.qa.testcases.ContactsPageTest@754ba872]" name="setUp" is-config="true" duration-ms="11174" started-at="2020-08-18T20:23:24Z" finished-at="2020-08-18T20:23:36Z">
          <reporter-output>
          </reporter-output>
        </test-method> <!-- setUp -->
        <test-method status="PASS" signature="validateCreateNewContact(java.lang.String, java.lang.String, java.lang.String)[pri:4, instance:com.crm.qa.testcases.ContactsPageTest@754ba872]" name="validateCreateNewContact" duration-ms="1551" started-at="2020-08-18T20:23:36Z" data-provider="getCRMTestData" finished-at="2020-08-18T20:23:37Z">
          <params>
            <param index="0">
              <value>
                <![CDATA[David]]>
              </value>
            </param>
            <param index="1">
              <value>
                <![CDATA[Cris]]>
              </value>
            </param>
            <param index="2">
              <value>
                <![CDATA[Amazon]]>
              </value>
            </param>
          </params>
          <reporter-output>
          </reporter-output>
        </test-method> <!-- validateCreateNewContact -->
        <test-method status="PASS" signature="tearDown()[pri:0, instance:com.crm.qa.testcases.ContactsPageTest@754ba872]" name="tearDown" is-config="true" duration-ms="149" started-at="2020-08-18T20:23:37Z" finished-at="2020-08-18T20:23:37Z">
          <reporter-output>
          </reporter-output>
        </test-method> <!-- tearDown -->
        <test-method status="PASS" signature="setUp()[pri:0, instance:com.crm.qa.testcases.ContactsPageTest@754ba872]" name="setUp" is-config="true" duration-ms="8954" started-at="2020-08-18T20:23:37Z" finished-at="2020-08-18T20:23:46Z">
          <reporter-output>
          </reporter-output>
        </test-method> <!-- setUp -->
        <test-method status="PASS" signature="validateCreateNewContact(java.lang.String, java.lang.String, java.lang.String)[pri:4, instance:com.crm.qa.testcases.ContactsPageTest@754ba872]" name="validateCreateNewContact" duration-ms="1948" started-at="2020-08-18T20:23:46Z" data-provider="getCRMTestData" finished-at="2020-08-18T20:23:48Z">
          <params>
            <param index="0">
              <value>
                <![CDATA[Mamta]]>
              </value>
            </param>
            <param index="1">
              <value>
                <![CDATA[Sharma]]>
              </value>
            </param>
            <param index="2">
              <value>
                <![CDATA[Ebay]]>
              </value>
            </param>
          </params>
          <reporter-output>
          </reporter-output>
        </test-method> <!-- validateCreateNewContact -->
        <test-method status="PASS" signature="tearDown()[pri:0, instance:com.crm.qa.testcases.ContactsPageTest@754ba872]" name="tearDown" is-config="true" duration-ms="113" started-at="2020-08-18T20:23:48Z" finished-at="2020-08-18T20:23:48Z">
          <reporter-output>
          </reporter-output>
        </test-method> <!-- tearDown -->
      </class> <!-- com.crm.qa.testcases.ContactsPageTest -->
      <class name="com.crm.qa.testcases.LoginPageTest">
        <test-method status="PASS" signature="setUp()[pri:0, instance:com.crm.qa.testcases.LoginPageTest@204f30ec]" name="setUp" is-config="true" duration-ms="7308" started-at="2020-08-18T20:21:22Z" finished-at="2020-08-18T20:21:29Z">
          <reporter-output>
          </reporter-output>
        </test-method> <!-- setUp -->
        <test-method status="PASS" signature="loginPageTitleTest()[pri:1, instance:com.crm.qa.testcases.LoginPageTest@204f30ec]" name="loginPageTitleTest" duration-ms="12" started-at="2020-08-18T20:21:29Z" finished-at="2020-08-18T20:21:29Z">
          <reporter-output>
          </reporter-output>
        </test-method> <!-- loginPageTitleTest -->
        <test-method status="PASS" signature="tearDown()[pri:0, instance:com.crm.qa.testcases.LoginPageTest@204f30ec]" name="tearDown" is-config="true" duration-ms="105" started-at="2020-08-18T20:21:29Z" finished-at="2020-08-18T20:21:29Z">
          <reporter-output>
          </reporter-output>
        </test-method> <!-- tearDown -->
        <test-method status="PASS" signature="setUp()[pri:0, instance:com.crm.qa.testcases.LoginPageTest@204f30ec]" name="setUp" is-config="true" duration-ms="6493" started-at="2020-08-18T20:21:56Z" finished-at="2020-08-18T20:22:03Z">
          <reporter-output>
          </reporter-output>
        </test-method> <!-- setUp -->
        <test-method status="PASS" signature="crmLogoImageTest()[pri:2, instance:com.crm.qa.testcases.LoginPageTest@204f30ec]" name="crmLogoImageTest" duration-ms="31" started-at="2020-08-18T20:22:03Z" finished-at="2020-08-18T20:22:03Z">
          <reporter-output>
          </reporter-output>
        </test-method> <!-- crmLogoImageTest -->
        <test-method status="PASS" signature="tearDown()[pri:0, instance:com.crm.qa.testcases.LoginPageTest@204f30ec]" name="tearDown" is-config="true" duration-ms="97" started-at="2020-08-18T20:22:03Z" finished-at="2020-08-18T20:22:03Z">
          <reporter-output>
          </reporter-output>
        </test-method> <!-- tearDown -->
        <test-method status="PASS" signature="setUp()[pri:0, instance:com.crm.qa.testcases.LoginPageTest@204f30ec]" name="setUp" is-config="true" duration-ms="7697" started-at="2020-08-18T20:22:29Z" finished-at="2020-08-18T20:22:37Z">
          <reporter-output>
          </reporter-output>
        </test-method> <!-- setUp -->
        <test-method status="PASS" signature="loginTest()[pri:3, instance:com.crm.qa.testcases.LoginPageTest@204f30ec]" name="loginTest" duration-ms="4890" started-at="2020-08-18T20:22:37Z" finished-at="2020-08-18T20:22:42Z">
          <reporter-output>
          </reporter-output>
        </test-method> <!-- loginTest -->
        <test-method status="PASS" signature="tearDown()[pri:0, instance:com.crm.qa.testcases.LoginPageTest@204f30ec]" name="tearDown" is-config="true" duration-ms="105" started-at="2020-08-18T20:22:42Z" finished-at="2020-08-18T20:22:42Z">
          <reporter-output>
          </reporter-output>
        </test-method> <!-- tearDown -->
      </class> <!-- com.crm.qa.testcases.LoginPageTest -->
    </test> <!-- Free CRM application test cases -->
  </suite> <!-- Free CRM application test Automation suite -->
</testng-results>
