<?xml version="1.0" encoding="UTF-8"?>
<testng-results skipped="0" failed="0" total="1" passed="1">
  <reporter-output>
  </reporter-output>
  <suite name="Default suite" duration-ms="14899" started-at="2020-08-20T02:54:20Z" finished-at="2020-08-20T02:54:35Z">
    <groups>
    </groups>
    <test name="Default test" duration-ms="14899" started-at="2020-08-20T02:54:20Z" finished-at="2020-08-20T02:54:35Z">
      <class name="com.crm.qa.testcases.ContactsPageTest">
        <test-method status="PASS" signature="setUp()[pri:0, instance:com.crm.qa.testcases.ContactsPageTest@13deb50e]" name="setUp" is-config="true" duration-ms="8683" started-at="2020-08-19T22:54:20Z" finished-at="2020-08-19T22:54:29Z">
          <reporter-output>
          </reporter-output>
        </test-method> <!-- setUp -->
        <test-method status="PASS" signature="selectContactsTest()[pri:2, instance:com.crm.qa.testcases.ContactsPageTest@13deb50e]" name="selectContactsTest" duration-ms="6091" started-at="2020-08-19T22:54:29Z" finished-at="2020-08-19T22:54:35Z">
          <reporter-output>
          </reporter-output>
        </test-method> <!-- selectContactsTest -->
        <test-method status="PASS" signature="tearDown()[pri:0, instance:com.crm.qa.testcases.ContactsPageTest@13deb50e]" name="tearDown" is-config="true" duration-ms="108" started-at="2020-08-19T22:54:35Z" finished-at="2020-08-19T22:54:35Z">
          <reporter-output>
          </reporter-output>
        </test-method> <!-- tearDown -->
      </class> <!-- com.crm.qa.testcases.ContactsPageTest -->
    </test> <!-- Default test -->
  </suite> <!-- Default suite -->
</testng-results>
