<?xml version="1.0" encoding="UTF-8"?>
<testng-results skipped="0" failed="0" total="1" passed="1">
  <reporter-output>
  </reporter-output>
  <suite name="Default suite" duration-ms="19768" started-at="2020-08-20T03:07:17Z" finished-at="2020-08-20T03:07:37Z">
    <groups>
    </groups>
    <test name="Default test" duration-ms="19768" started-at="2020-08-20T03:07:17Z" finished-at="2020-08-20T03:07:37Z">
      <class name="com.crm.qa.testcases.ContactsPageTest">
        <test-method status="PASS" signature="setUp()[pri:0, instance:com.crm.qa.testcases.ContactsPageTest@13deb50e]" name="setUp" is-config="true" duration-ms="13946" started-at="2020-08-19T23:07:17Z" finished-at="2020-08-19T23:07:31Z">
          <reporter-output>
          </reporter-output>
        </test-method> <!-- setUp -->
        <test-method status="PASS" signature="selectContactsTest()[pri:2, instance:com.crm.qa.testcases.ContactsPageTest@13deb50e]" name="selectContactsTest" duration-ms="5705" started-at="2020-08-19T23:07:31Z" finished-at="2020-08-19T23:07:37Z">
          <reporter-output>
          </reporter-output>
        </test-method> <!-- selectContactsTest -->
        <test-method status="PASS" signature="tearDown()[pri:0, instance:com.crm.qa.testcases.ContactsPageTest@13deb50e]" name="tearDown" is-config="true" duration-ms="103" started-at="2020-08-19T23:07:37Z" finished-at="2020-08-19T23:07:37Z">
          <reporter-output>
          </reporter-output>
        </test-method> <!-- tearDown -->
      </class> <!-- com.crm.qa.testcases.ContactsPageTest -->
    </test> <!-- Default test -->
  </suite> <!-- Default suite -->
</testng-results>
