<?xml version="1.0" encoding="UTF-8"?>
<testng-results skipped="0" failed="0" total="3" passed="3">
  <reporter-output>
  </reporter-output>
  <suite name="Default suite" duration-ms="37618" started-at="2020-08-19T20:50:02Z" finished-at="2020-08-19T20:50:39Z">
    <groups>
    </groups>
    <test name="Default test" duration-ms="37618" started-at="2020-08-19T20:50:02Z" finished-at="2020-08-19T20:50:39Z">
      <class name="com.crm.qa.testcases.ContactsPageTest">
        <test-method status="PASS" signature="setUp()[pri:0, instance:com.crm.qa.testcases.ContactsPageTest@204f30ec]" name="setUp" is-config="true" duration-ms="9450" started-at="2020-08-19T16:50:02Z" finished-at="2020-08-19T16:50:12Z">
          <reporter-output>
          </reporter-output>
        </test-method> <!-- setUp -->
        <test-method status="PASS" signature="validateCreateNewContact(java.lang.String, java.lang.String, java.lang.String)[pri:4, instance:com.crm.qa.testcases.ContactsPageTest@204f30ec]" name="validateCreateNewContact" duration-ms="1594" started-at="2020-08-19T16:50:12Z" data-provider="getCRMTestData" finished-at="2020-08-19T16:50:13Z">
          <params>
            <param index="0">
              <value>
                <![CDATA[Tom]]>
              </value>
            </param>
            <param index="1">
              <value>
                <![CDATA[Peter]]>
              </value>
            </param>
            <param index="2">
              <value>
                <![CDATA[Google]]>
              </value>
            </param>
          </params>
          <reporter-output>
          </reporter-output>
        </test-method> <!-- validateCreateNewContact -->
        <test-method status="PASS" signature="tearDown()[pri:0, instance:com.crm.qa.testcases.ContactsPageTest@204f30ec]" name="tearDown" is-config="true" duration-ms="201" started-at="2020-08-19T16:50:13Z" finished-at="2020-08-19T16:50:14Z">
          <reporter-output>
          </reporter-output>
        </test-method> <!-- tearDown -->
        <test-method status="PASS" signature="setUp()[pri:0, instance:com.crm.qa.testcases.ContactsPageTest@204f30ec]" name="setUp" is-config="true" duration-ms="10873" started-at="2020-08-19T16:50:14Z" finished-at="2020-08-19T16:50:24Z">
          <reporter-output>
          </reporter-output>
        </test-method> <!-- setUp -->
        <test-method status="PASS" signature="validateCreateNewContact(java.lang.String, java.lang.String, java.lang.String)[pri:4, instance:com.crm.qa.testcases.ContactsPageTest@204f30ec]" name="validateCreateNewContact" duration-ms="1343" started-at="2020-08-19T16:50:24Z" data-provider="getCRMTestData" finished-at="2020-08-19T16:50:26Z">
          <params>
            <param index="0">
              <value>
                <![CDATA[David]]>
              </value>
            </param>
            <param index="1">
              <value>
                <![CDATA[Cris]]>
              </value>
            </param>
            <param index="2">
              <value>
                <![CDATA[Amazon]]>
              </value>
            </param>
          </params>
          <reporter-output>
          </reporter-output>
        </test-method> <!-- validateCreateNewContact -->
        <test-method status="PASS" signature="tearDown()[pri:0, instance:com.crm.qa.testcases.ContactsPageTest@204f30ec]" name="tearDown" is-config="true" duration-ms="109" started-at="2020-08-19T16:50:26Z" finished-at="2020-08-19T16:50:26Z">
          <reporter-output>
          </reporter-output>
        </test-method> <!-- tearDown -->
        <test-method status="PASS" signature="setUp()[pri:0, instance:com.crm.qa.testcases.ContactsPageTest@204f30ec]" name="setUp" is-config="true" duration-ms="11720" started-at="2020-08-19T16:50:26Z" finished-at="2020-08-19T16:50:38Z">
          <reporter-output>
          </reporter-output>
        </test-method> <!-- setUp -->
        <test-method status="PASS" signature="validateCreateNewContact(java.lang.String, java.lang.String, java.lang.String)[pri:4, instance:com.crm.qa.testcases.ContactsPageTest@204f30ec]" name="validateCreateNewContact" duration-ms="1544" started-at="2020-08-19T16:50:38Z" data-provider="getCRMTestData" finished-at="2020-08-19T16:50:39Z">
          <params>
            <param index="0">
              <value>
                <![CDATA[Mamta]]>
              </value>
            </param>
            <param index="1">
              <value>
                <![CDATA[Sharma]]>
              </value>
            </param>
            <param index="2">
              <value>
                <![CDATA[Ebay]]>
              </value>
            </param>
          </params>
          <reporter-output>
          </reporter-output>
        </test-method> <!-- validateCreateNewContact -->
        <test-method status="PASS" signature="tearDown()[pri:0, instance:com.crm.qa.testcases.ContactsPageTest@204f30ec]" name="tearDown" is-config="true" duration-ms="116" started-at="2020-08-19T16:50:39Z" finished-at="2020-08-19T16:50:39Z">
          <reporter-output>
          </reporter-output>
        </test-method> <!-- tearDown -->
      </class> <!-- com.crm.qa.testcases.ContactsPageTest -->
    </test> <!-- Default test -->
  </suite> <!-- Default suite -->
</testng-results>
