<?xml version="1.0" encoding="UTF-8"?>
<testng-results skipped="0" failed="0" total="1" passed="1">
  <reporter-output>
  </reporter-output>
  <suite name="Default suite" duration-ms="16268" started-at="2020-08-20T03:27:32Z" finished-at="2020-08-20T03:27:49Z">
    <groups>
    </groups>
    <test name="Default test" duration-ms="16268" started-at="2020-08-20T03:27:32Z" finished-at="2020-08-20T03:27:49Z">
      <class name="com.crm.qa.testcases.ContactsPageTest">
        <test-method status="PASS" signature="setUp()[pri:0, instance:com.crm.qa.testcases.ContactsPageTest@13deb50e]" name="setUp" is-config="true" duration-ms="9784" started-at="2020-08-19T23:27:32Z" finished-at="2020-08-19T23:27:42Z">
          <reporter-output>
          </reporter-output>
        </test-method> <!-- setUp -->
        <test-method status="PASS" signature="selectContactsTest()[pri:2, instance:com.crm.qa.testcases.ContactsPageTest@13deb50e]" name="selectContactsTest" duration-ms="6373" started-at="2020-08-19T23:27:42Z" finished-at="2020-08-19T23:27:48Z">
          <reporter-output>
          </reporter-output>
        </test-method> <!-- selectContactsTest -->
        <test-method status="PASS" signature="tearDown()[pri:0, instance:com.crm.qa.testcases.ContactsPageTest@13deb50e]" name="tearDown" is-config="true" duration-ms="94" started-at="2020-08-19T23:27:48Z" finished-at="2020-08-19T23:27:49Z">
          <reporter-output>
          </reporter-output>
        </test-method> <!-- tearDown -->
      </class> <!-- com.crm.qa.testcases.ContactsPageTest -->
    </test> <!-- Default test -->
  </suite> <!-- Default suite -->
</testng-results>
